<?xml version="1.0" encoding="UTF-8"?>
<!-- Generated by org.testng.reporters.JUnitXMLReporter -->
<testsuite ignored="0" hostname="RASHED" failures="0" tests="7" name="Google Test_chrome" time="0.057" errors="0" timestamp="2023-07-12T16:24:55 CDT">
  <testcase classname="mytest.BaseTest" name="@BeforeTest setup" time="-1.689197095008E9">
    <failure type="org.testng.TestNGException" message="
Parameter &amp;apos;url&amp;apos; is required by BeforeTest on method setup but has not been marked @Optional or defined
in C:\Users\rashe\eclipse-workspace\SeleniumSessions2023\src\test\resources\testng_chrome.xml">
      <![CDATA[org.testng.TestNGException: 
Parameter 'url' is required by BeforeTest on method setup but has not been marked @Optional or defined
in C:\Users\rashe\eclipse-workspace\SeleniumSessions2023\src\test\resources\testng_chrome.xml
at org.testng.internal.Parameters.createParams(Parameters.java:289)
at org.testng.internal.Parameters.createParametersForMethod(Parameters.java:377)
at org.testng.internal.Parameters.createParameters(Parameters.java:721)
at org.testng.internal.Parameters.createConfigurationParameters(Parameters.java:164)
at org.testng.internal.ConfigInvoker.invokeConfigurations(ConfigInvoker.java:275)
at org.testng.TestRunner.invokeTestConfigurations(TestRunner.java:623)
at org.testng.TestRunner.beforeRun(TestRunner.java:613)
at org.testng.TestRunner.run(TestRunner.java:584)
at org.testng.SuiteRunner.runTest(SuiteRunner.java:402)
at org.testng.SuiteRunner.access$000(SuiteRunner.java:41)
at org.testng.SuiteRunner$SuiteWorker.run(SuiteRunner.java:443)
at org.testng.internal.thread.ThreadUtil.lambda$execute$0(ThreadUtil.java:67)
at java.base/java.util.concurrent.FutureTask.run(FutureTask.java:264)
at java.base/java.util.concurrent.ThreadPoolExecutor.runWorker(ThreadPoolExecutor.java:1136)
at java.base/java.util.concurrent.ThreadPoolExecutor$Worker.run(ThreadPoolExecutor.java:635)
at java.base/java.lang.Thread.run(Thread.java:833)
]]>
    </failure>
  </testcase> <!-- @BeforeTest setup -->
  <testcase classname="mytest.BaseTest" name="@AfterTest tearDown" time="-1.689197095055E9">
    <skipped/>
  </testcase> <!-- @AfterTest tearDown -->
  <testcase classname="mytest.OrangeHRMTest" name="TitleTest" time="0.0">
    <skipped/>
  </testcase> <!-- TitleTest -->
  <testcase classname="mytest.OpencartTest" name="TitleTest" time="0.0">
    <skipped/>
  </testcase> <!-- TitleTest -->
  <testcase classname="mytest.GoogleTest" name="googleTitleTest" time="0.0">
    <skipped/>
  </testcase> <!-- googleTitleTest -->
  <testcase classname="mytest.OrangeHRMTest" name="URLTest" time="0.0">
    <skipped/>
  </testcase> <!-- URLTest -->
  <testcase classname="mytest.OpencartTest" name="URLTest" time="0.0">
    <skipped/>
  </testcase> <!-- URLTest -->
  <testcase classname="mytest.GoogleTest" name="googleURLTest" time="0.0">
    <skipped/>
  </testcase> <!-- googleURLTest -->
  <testcase classname="mytest.GoogleTest" name="googleSearchTest" time="0.0">
    <skipped/>
  </testcase> <!-- googleSearchTest -->
</testsuite> <!-- Google Test_chrome -->
