<?xml version="1.0" encoding="UTF-8"?>
<!-- Generated by org.testng.reporters.JUnitReportReporter -->
<testsuite hostname="RASHED" failures="0" tests="4" name="mytest.GoogleTest" time="-1689197056.000" errors="1" timestamp="2023-07-12T16:24:55 CDT" skipped="3">
  <testcase classname="mytest.GoogleTest" name="setup" time="-1689197056.000">
    <error message="
Parameter &#039;url&#039; is required by BeforeTest on method setup but has not been marked @Optional or defined
in C:\Users\rashe\eclipse-workspace\SeleniumSessions2023\src\test\resources\testng_chrome.xml" type="org.testng.TestNGException">
      <![CDATA[org.testng.TestNGException: 
Parameter 'url' is required by BeforeTest on method setup but has not been marked @Optional or defined
in C:\Users\rashe\eclipse-workspace\SeleniumSessions2023\src\test\resources\testng_chrome.xml
at org.testng.internal.Parameters.createParams(Parameters.java:289)
at org.testng.internal.Parameters.createParametersForMethod(Parameters.java:377)
at org.testng.internal.Parameters.createParameters(Parameters.java:721)
at org.testng.internal.Parameters.createConfigurationParameters(Parameters.java:164)
at org.testng.internal.ConfigInvoker.invokeConfigurations(ConfigInvoker.java:275)
at org.testng.TestRunner.invokeTestConfigurations(TestRunner.java:623)
at org.testng.TestRunner.beforeRun(TestRunner.java:613)
at org.testng.TestRunner.run(TestRunner.java:584)
at org.testng.SuiteRunner.runTest(SuiteRunner.java:402)
at org.testng.SuiteRunner.access$000(SuiteRunner.java:41)
at org.testng.SuiteRunner$SuiteWorker.run(SuiteRunner.java:443)
at org.testng.internal.thread.ThreadUtil.lambda$execute$0(ThreadUtil.java:67)
at java.base/java.util.concurrent.FutureTask.run(FutureTask.java:264)
at java.base/java.util.concurrent.ThreadPoolExecutor.runWorker(ThreadPoolExecutor.java:1136)
at java.base/java.util.concurrent.ThreadPoolExecutor$Worker.run(ThreadPoolExecutor.java:635)
at java.base/java.lang.Thread.run(Thread.java:833)
]]>
    </error>
  </testcase> <!-- setup -->
  <testcase classname="mytest.GoogleTest" name="googleTitleTest" time="0.000">
    <skipped/>
  </testcase> <!-- googleTitleTest -->
  <testcase classname="mytest.GoogleTest" name="googleURLTest" time="0.000">
    <skipped/>
  </testcase> <!-- googleURLTest -->
  <testcase classname="mytest.GoogleTest" name="googleSearchTest" time="0.000">
    <skipped/>
  </testcase> <!-- googleSearchTest -->
</testsuite> <!-- mytest.GoogleTest -->
